TN:
SF:src/TERC721Standalone.sol
DA:16,20
FN:16,TERC721Standalone.constructor
FNDA:20,TERC721Standalone.constructor
DA:22,20
DA:23,20
DA:31,2
FN:31,TERC721Standalone.setBaseURI
FNDA:2,TERC721Standalone.setBaseURI
DA:34,1
DA:41,1
FN:41,TERC721Standalone.baseURI
FNDA:1,TERC721Standalone.baseURI
DA:42,1
DA:45,4
FN:45,TERC721Standalone.supportsInterface
FNDA:4,TERC721Standalone.supportsInterface
DA:53,4
DA:54,4
DA:55,2
DA:56,1
DA:57,1
DA:64,26
FN:64,TERC721Standalone.hasRole
FNDA:26,TERC721Standalone.hasRole
DA:69,86
BRDA:69,0,0,24
DA:70,24
DA:72,62
DA:81,21
FN:81,TERC721Standalone._setBaseURI
FNDA:21,TERC721Standalone._setBaseURI
DA:82,21
DA:83,21
DA:85,21
DA:93,4
FN:93,TERC721Standalone._baseURI
FNDA:4,TERC721Standalone._baseURI
DA:94,4
FNF:7
FNH:7
LF:23
LH:23
BRF:1
BRH:1
end_of_record
TN:
SF:src/TERC721Upgradeable.sol
DA:27,20
FN:27,TERC721Upgradeable.constructor
FNDA:20,TERC721Upgradeable.constructor
DA:28,20
DA:31,20
FN:31,TERC721Upgradeable.initialize
FNDA:20,TERC721Upgradeable.initialize
DA:39,20
DA:41,20
DA:42,20
DA:43,20
DA:45,20
DA:47,20
FN:47,TERC721Upgradeable.__TERC721Upgradeable_init_unchained
FNDA:20,TERC721Upgradeable.__TERC721Upgradeable_init_unchained
DA:51,20
DA:52,20
DA:63,2
FN:63,TERC721Upgradeable.setBaseURI
FNDA:2,TERC721Upgradeable.setBaseURI
DA:66,1
DA:73,1
FN:73,TERC721Upgradeable.baseURI
FNDA:1,TERC721Upgradeable.baseURI
DA:74,1
DA:81,6
FN:81,TERC721Upgradeable.hasRole
FNDA:6,TERC721Upgradeable.hasRole
DA:86,86
BRDA:86,0,0,24
DA:87,24
DA:89,62
DA:93,4
FN:93,TERC721Upgradeable.supportsInterface
FNDA:4,TERC721Upgradeable.supportsInterface
DA:101,4
DA:102,4
DA:103,2
DA:104,1
DA:105,1
DA:115,21
FN:115,TERC721Upgradeable._setBaseURI
FNDA:21,TERC721Upgradeable._setBaseURI
DA:116,21
DA:117,21
DA:118,21
DA:120,21
DA:127,4
FN:127,TERC721Upgradeable._baseURI
FNDA:4,TERC721Upgradeable._baseURI
DA:128,4
DA:129,4
DA:133,25
FN:133,TERC721Upgradeable._getTERC721UpgradeableStorage
FNDA:25,TERC721Upgradeable._getTERC721UpgradeableStorage
DA:139,25
FNF:10
FNH:10
LF:35
LH:35
BRF:1
BRH:1
end_of_record
TN:
SF:src/module/TERC721Share.sol
DA:26,2
FN:26,TERC721Share.version
FNDA:2,TERC721Share.version
DA:27,2
FNF:1
FNH:1
LF:2
LH:2
BRF:0
BRH:0
end_of_record
TN:
SF:src/module/standalone/TERC721StandaloneBurn.sol
DA:21,2
FN:21,TERC721StandaloneBurn.burn
FNDA:2,TERC721StandaloneBurn.burn
DA:22,1
DA:23,1
DA:30,3
FN:30,TERC721StandaloneBurn.batchBurn
FNDA:3,TERC721StandaloneBurn.batchBurn
DA:33,2
BRDA:33,0,0,1
BRDA:33,0,1,1
DA:34,1
DA:35,2
DA:37,1
DA:41,1
FN:41,TERC721StandaloneBurn.supportsInterface
FNDA:1,TERC721StandaloneBurn.supportsInterface
DA:44,1
DA:45,1
DA:46,1
FNF:3
FNH:3
LF:12
LH:12
BRF:2
BRH:2
end_of_record
TN:
SF:src/module/standalone/TERC721StandaloneMint.sol
DA:18,3
FN:18,TERC721StandaloneMint.nextTokenId
FNDA:3,TERC721StandaloneMint.nextTokenId
DA:19,3
DA:25,2
FN:25,TERC721StandaloneMint.setNextTokenId
FNDA:2,TERC721StandaloneMint.setNextTokenId
DA:28,1
DA:29,1
DA:36,2
FN:36,TERC721StandaloneMint.mintTokenId
FNDA:2,TERC721StandaloneMint.mintTokenId
DA:40,1
DA:46,5
FN:46,TERC721StandaloneMint.batchMintTokenIds
FNDA:5,TERC721StandaloneMint.batchMintTokenIds
DA:50,4
BRDA:50,0,0,2
BRDA:50,0,1,2
DA:51,2
DA:52,10
DA:54,2
DA:60,4
FN:60,TERC721StandaloneMint.batchMintTokenIds
FNDA:4,TERC721StandaloneMint.batchMintTokenIds
DA:64,3
BRDA:64,1,0,1
BRDA:64,1,1,2
DA:65,2
BRDA:65,2,0,1
BRDA:65,2,1,1
DA:69,1
DA:70,2
DA:72,1
DA:79,5
FN:79,TERC721StandaloneMint.mint
FNDA:5,TERC721StandaloneMint.mint
DA:80,4
DA:81,4
DA:87,3
FN:87,TERC721StandaloneMint.batchMint
FNDA:3,TERC721StandaloneMint.batchMint
DA:91,2
BRDA:91,3,0,1
BRDA:91,3,1,1
DA:92,1
DA:93,1
DA:94,1
DA:95,5
DA:96,5
DA:97,5
DA:99,1
DA:100,1
DA:106,6
FN:106,TERC721StandaloneMint.batchMint
FNDA:6,TERC721StandaloneMint.batchMint
DA:109,5
BRDA:109,4,0,1
BRDA:109,4,1,4
DA:110,4
DA:111,4
DA:112,4
DA:113,8
DA:114,8
DA:115,8
DA:117,4
DA:118,4
DA:122,1
FN:122,TERC721StandaloneMint.supportsInterface
FNDA:1,TERC721StandaloneMint.supportsInterface
DA:125,1
DA:126,1
DA:127,1
DA:133,5
FN:133,TERC721StandaloneMint._mintAndEvent
FNDA:5,TERC721StandaloneMint._mintAndEvent
DA:134,5
DA:135,5
FNF:10
FNH:10
LF:48
LH:48
BRF:10
BRH:10
end_of_record
TN:
SF:src/module/upgradeable/TERC721UpgradeableBurn.sol
DA:20,2
FN:20,TERC721UpgradeableBurn.burn
FNDA:2,TERC721UpgradeableBurn.burn
DA:21,1
DA:22,1
DA:28,3
FN:28,TERC721UpgradeableBurn.batchBurn
FNDA:3,TERC721UpgradeableBurn.batchBurn
DA:31,2
BRDA:31,0,0,1
BRDA:31,0,1,1
DA:32,1
DA:33,2
DA:35,1
DA:39,1
FN:39,TERC721UpgradeableBurn.supportsInterface
FNDA:1,TERC721UpgradeableBurn.supportsInterface
DA:48,1
DA:49,1
DA:50,1
FNF:3
FNH:3
LF:12
LH:12
BRF:2
BRH:2
end_of_record
TN:
SF:src/module/upgradeable/TERC721UpgradeableMint.sol
DA:26,3
FN:26,TERC721UpgradeableMint.nextTokenId
FNDA:3,TERC721UpgradeableMint.nextTokenId
DA:27,3
DA:28,3
DA:29,3
DA:35,2
FN:35,TERC721UpgradeableMint.setNextTokenId
FNDA:2,TERC721UpgradeableMint.setNextTokenId
DA:38,1
DA:39,1
DA:40,1
DA:41,1
DA:49,2
FN:49,TERC721UpgradeableMint.mintTokenId
FNDA:2,TERC721UpgradeableMint.mintTokenId
DA:53,1
DA:59,5
FN:59,TERC721UpgradeableMint.batchMintTokenIds
FNDA:5,TERC721UpgradeableMint.batchMintTokenIds
DA:63,4
BRDA:63,0,0,2
BRDA:63,0,1,2
DA:64,2
DA:65,10
DA:67,2
DA:73,4
FN:73,TERC721UpgradeableMint.batchMintTokenIds
FNDA:4,TERC721UpgradeableMint.batchMintTokenIds
DA:77,3
BRDA:77,1,0,1
BRDA:77,1,1,2
DA:78,2
BRDA:78,2,0,1
BRDA:78,2,1,1
DA:82,1
DA:83,2
DA:85,1
DA:92,5
FN:92,TERC721UpgradeableMint.mint
FNDA:5,TERC721UpgradeableMint.mint
DA:93,4
DA:94,4
DA:95,4
DA:96,4
DA:102,3
FN:102,TERC721UpgradeableMint.batchMint
FNDA:3,TERC721UpgradeableMint.batchMint
DA:106,2
BRDA:106,3,0,1
BRDA:106,3,1,1
DA:107,1
DA:108,1
DA:109,1
DA:110,1
DA:111,1
DA:112,5
DA:113,5
DA:114,5
DA:116,1
DA:117,1
DA:123,6
FN:123,TERC721UpgradeableMint.batchMint
FNDA:6,TERC721UpgradeableMint.batchMint
DA:126,5
BRDA:126,4,0,1
BRDA:126,4,1,4
DA:127,4
DA:128,4
DA:129,4
DA:130,4
DA:131,4
DA:132,8
DA:133,8
DA:134,8
DA:136,4
DA:137,4
DA:141,1
FN:141,TERC721UpgradeableMint.supportsInterface
FNDA:1,TERC721UpgradeableMint.supportsInterface
DA:150,1
DA:151,1
DA:152,1
DA:158,5
FN:158,TERC721UpgradeableMint._mintAndEvent
FNDA:5,TERC721UpgradeableMint._mintAndEvent
DA:159,5
DA:160,5
DA:164,13
FN:164,TERC721UpgradeableMint._getTERC721UpgradeableMintStorage
FNDA:13,TERC721UpgradeableMint._getTERC721UpgradeableMintStorage
DA:170,13
FNF:11
FNH:11
LF:60
LH:60
BRF:10
BRH:10
end_of_record
