TN:
SF:src/TERC721Standalone.sol
FN:12,TERC721Standalone.
FNDA:15,TERC721Standalone.
DA:18,15
DA:19,15
FN:23,TERC721Standalone.mint
FNDA:4,TERC721Standalone.mint
DA:24,3
DA:25,3
DA:26,3
FN:29,TERC721Standalone.mintBatch
FNDA:2,TERC721Standalone.mintBatch
DA:33,2
BRDA:33,0,0,1
BRDA:33,0,1,1
DA:34,1
DA:35,5
DA:36,5
DA:38,1
FN:41,TERC721Standalone.mintBatch
FNDA:6,TERC721Standalone.mintBatch
DA:44,5
BRDA:44,1,0,1
BRDA:44,1,1,4
DA:45,4
DA:46,8
DA:47,8
DA:49,4
FN:53,TERC721Standalone.burn
FNDA:2,TERC721Standalone.burn
DA:54,1
DA:55,1
FN:58,TERC721Standalone.burnBatch
FNDA:3,TERC721Standalone.burnBatch
DA:61,2
BRDA:61,2,0,1
BRDA:61,2,1,1
DA:62,1
DA:63,2
DA:65,1
FN:73,TERC721Standalone.setBaseURI
FNDA:2,TERC721Standalone.setBaseURI
DA:76,1
FN:83,TERC721Standalone.baseURI
FNDA:1,TERC721Standalone.baseURI
DA:84,1
FN:90,TERC721Standalone._setBaseURI
FNDA:16,TERC721Standalone._setBaseURI
DA:91,16
DA:92,16
FN:100,TERC721Standalone._baseURI
FNDA:3,TERC721Standalone._baseURI
DA:101,3
FN:105,TERC721Standalone.supportsInterface
FNDA:4,TERC721Standalone.supportsInterface
DA:108,4
DA:109,4
DA:110,1
FN:117,TERC721Standalone.hasRole
FNDA:15,TERC721Standalone.hasRole
DA:122,52
BRDA:122,3,0,15
DA:123,15
DA:125,37
FNF:12
FNH:12
LF:32
LH:32
BRF:7
BRH:7
end_of_record
TN:
SF:src/TERC721Upgradeable.sol
FN:26,TERC721Upgradeable.
FNDA:15,TERC721Upgradeable.
DA:27,15
FN:30,TERC721Upgradeable.initialize
FNDA:15,TERC721Upgradeable.initialize
DA:38,15
DA:39,15
DA:41,15
DA:42,15
DA:43,15
FN:45,TERC721Upgradeable.__TERC721Upgradeable_init_unchained
FNDA:15,TERC721Upgradeable.__TERC721Upgradeable_init_unchained
DA:49,15
DA:50,15
FN:57,TERC721Upgradeable.mint
FNDA:4,TERC721Upgradeable.mint
DA:58,3
DA:59,3
DA:60,3
DA:61,3
FN:64,TERC721Upgradeable.mintBatch
FNDA:2,TERC721Upgradeable.mintBatch
DA:68,2
BRDA:68,0,0,1
BRDA:68,0,1,1
DA:69,1
DA:70,5
DA:71,5
DA:72,5
DA:73,5
FN:77,TERC721Upgradeable.mintBatch
FNDA:6,TERC721Upgradeable.mintBatch
DA:80,5
BRDA:80,1,0,1
BRDA:80,1,1,4
DA:81,4
DA:82,8
DA:83,8
DA:84,8
DA:85,8
DA:87,4
FN:92,TERC721Upgradeable.burn
FNDA:2,TERC721Upgradeable.burn
DA:93,1
DA:94,1
FN:97,TERC721Upgradeable.burnBatch
FNDA:3,TERC721Upgradeable.burnBatch
DA:100,2
BRDA:100,2,0,1
BRDA:100,2,1,1
DA:101,1
DA:102,2
DA:104,1
FN:112,TERC721Upgradeable.setBaseURI
FNDA:2,TERC721Upgradeable.setBaseURI
DA:115,1
FN:122,TERC721Upgradeable.baseURI
FNDA:1,TERC721Upgradeable.baseURI
DA:123,1
FN:129,TERC721Upgradeable._setBaseURI
FNDA:16,TERC721Upgradeable._setBaseURI
DA:130,16
DA:131,16
DA:132,16
FN:139,TERC721Upgradeable._baseURI
FNDA:3,TERC721Upgradeable._baseURI
DA:140,3
DA:141,3
FN:148,TERC721Upgradeable.hasRole
FNDA:0,TERC721Upgradeable.hasRole
DA:153,52
BRDA:153,3,0,15
DA:154,15
DA:156,37
FN:160,TERC721Upgradeable.supportsInterface
FNDA:4,TERC721Upgradeable.supportsInterface
DA:168,4
DA:169,4
DA:170,2
FN:177,TERC721Upgradeable._getTERC721UpgradeableStorage
FNDA:35,TERC721Upgradeable._getTERC721UpgradeableStorage
DA:183,35
FNF:15
FNH:14
LF:45
LH:45
BRF:7
BRH:7
end_of_record
